<?xml version="1.0" encoding="UTF-8"?>
<testsuite name="ru.innopolis.SerialisationTest" tests="2" skipped="0" failures="0" errors="0" timestamp="2016-10-14T20:22:07" hostname="Rustam" time="0.007">
  <properties/>
  <testcase name="doSer" classname="ru.innopolis.SerialisationTest" time="0.006"/>
  <testcase name="setState" classname="ru.innopolis.SerialisationTest" time="0.001"/>
  <system-out><![CDATA[2016-10-14 23:22:07,472 [INFO ][Test worker     ][             ru.innopolis.Main] - Method doSer() from Serelisation Class has successfully passed Unit test!
2016-10-14 23:22:07,473 [INFO ][Test worker     ][             ru.innopolis.Main] - Method setState() from Serelisation Class has successfully passed Unit test!
]]></system-out>
  <system-err><![CDATA[]]></system-err>
</testsuite>
